Arguments: 
  C:\Program Files\nodejs\node.exe C:\Users\Syn_x\AppData\Roaming\npm\node_modules\yarn\bin\yarn.js add react-router-dom@6

PATH: 
  C:\Python310\Scripts\;C:\Python310\;C:\Program Files (x86)\VMware\VMware Player\bin\;C:\Program Files\Common Files\Oracle\Java\javapath;C:\WINDOWS\system32;C:\WINDOWS;C:\WINDOWS\System32\Wbem;C:\WINDOWS\System32\WindowsPowerShell\v1.0\;C:\WINDOWS\System32\OpenSSH\;C:\Program Files\MATLAB\R2018a\runtime\win64;C:\Program Files\MATLAB\R2018a\bin;C:\Program Files\Git\cmd;C:\flutter\bin;C:\dart-sdk\bin;C:\Program Files\nodejs\;C:\ProgramData\chocolatey\bin;C:\Program Files\MySQL\MySQL Server 8.0\bin;C:\Program Files\MySQLs\MySQL Server 8.0\bin;C:\Program Files\MySQL\MySQL Shell 8.0\bin\;C:\Users\Syn_x\AppData\Local\Programs\Python\Python36\Scripts\;C:\Users\Syn_x\AppData\Local\Programs\Python\Python36\;C:\Users\Syn_x\AppData\Local\Microsoft\WindowsApps;C:\Users\Syn_x\AppData\Local\Programs\MiKTeX 2.9\miktex\bin\;C:\Program Files\JetBrains\PyCharm Community Edition 2019.2.3\bin;;C:\Program Files\JetBrains\IntelliJ IDEA Community Edition 2021.3.3\bin;;C:\Users\Syn_x\AppData\Local\Programs\Microsoft VS Code\bin;C:\flutter\bin;C:\dart-sdk\bin;C:\Users\Syn_x\AppData\Roaming\npm;C:\Users\Syn_x\AppData\Local\GitHubDesktop\bin

Yarn version: 
  1.22.19

Node version: 
  16.16.0

Platform: 
  win32 x64

Trace: 
  Error: https://registry.yarnpkg.com/@mui/material/-/material-5.10.1.tgz: ESOCKETTIMEDOUT
      at ClientRequest.<anonymous> (C:\Users\Syn_x\AppData\Roaming\npm\node_modules\yarn\lib\cli.js:141517:19)
      at Object.onceWrapper (node:events:641:28)
      at ClientRequest.emit (node:events:527:28)
      at TLSSocket.emitRequestTimeout (node:_http_client:771:9)
      at Object.onceWrapper (node:events:641:28)
      at TLSSocket.emit (node:events:539:35)
      at TLSSocket.Socket._onTimeout (node:net:516:8)
      at listOnTimeout (node:internal/timers:559:17)
      at processTimers (node:internal/timers:502:7)

npm manifest: 
  {
    "name": "virtual_library",
    "version": "0.1.0",
    "private": true,
    "dependencies": {
      "@emotion/react": "^11.10.0",
      "@emotion/styled": "^11.10.0",
      "@mui/icons-material": "^5.8.4",
      "@mui/material": "^5.10.0",
      "@tailwindcss/forms": "^0.5.2",
      "@testing-library/jest-dom": "^5.16.4",
      "@testing-library/react": "^13.3.0",
      "@testing-library/user-event": "^13.5.0",
      "axios": "^0.27.2",
      "bootstrap": "^5.2.0",
      "formik": "^2.2.9",
      "react": "^18.2.0",
      "react-bootstrap": "^2.5.0",
      "react-dom": "^18.2.0",
      "react-dropdown": "^1.10.0",
      "react-icons": "^4.4.0",
      "react-loader-spinner": "^5.1.5",
      "react-redux": "^8.0.2",
      "react-router-dom": "^5.2.0",
      "react-scripts": "5.0.1",
      "react-select": "^5.4.0",
      "react-slick": "^0.29.0",
      "redux": "^4.2.0",
      "redux-react-session": "^2.6.1",
      "redux-thunk": "^2.4.1",
      "sass": "^1.54.3",
      "scripts": "^0.1.0",
      "slick-carousel": "^1.8.1",
      "styled-components": "^5.3.5",
      "web-vitals": "^2.1.4",
      "yup": "^0.32.11"
    },
    "scripts": {
      "start": "react-scripts start",
      "build": "react-scripts build",
      "test": "react-scripts test",
      "eject": "react-scripts eject"
    },
    "eslintConfig": {
      "extends": [
        "react-app",
        "react-app/jest"
      ]
    },
    "browserslist": {
      "production": [
        ">0.2%",
        "not dead",
        "not op_mini all"
      ],
      "development": [
        "last 1 chrome version",
        "last 1 firefox version",
        "last 1 safari version"
      ]
    },
    "main": "index.js",
    "keywords": [],
    "author": "",
    "license": "ISC",
    "description": ""
  }

yarn manifest: 
  No manifest

Lockfile: 
  No lockfile
